0 verbose cli C:\Program Files\nodejs\node.exe C:\Program Files\nodejs\node_modules\npm\bin\npm-cli.js
1 info using npm@10.7.0
2 info using node@v22.2.0
3 silly config:load:file:C:\Program Files\nodejs\node_modules\npm\npmrc
4 silly config:load:file:C:\Users\ajmee\Desktop\JobHunt-MernStack\backend\.npmrc
5 silly config:load:file:C:\Users\ajmee\.npmrc
6 silly config:load:file:C:\Users\ajmee\Desktop\JobHunt-MernStack\backend\%APPDATA%\npm\etc\npmrc
7 verbose title npm i cloudinary
8 verbose argv "i" "cloudinary"
9 verbose logfile logs-max:10 dir:C:\Users\ajmee\Desktop\JobHunt-MernStack\backend\%LOCALAPPDATA%\npm-cache\_logs\2024-11-02T10_52_34_111Z-
10 verbose logfile C:\Users\ajmee\Desktop\JobHunt-MernStack\backend\%LOCALAPPDATA%\npm-cache\_logs\2024-11-02T10_52_34_111Z-debug-0.log
11 silly logfile start cleaning logs, removing 1 files
12 silly logfile done cleaning log files
13 silly idealTree buildDeps
14 silly fetch manifest cloudinary@^2.5.1
15 http fetch GET 200 https://registry.npmjs.org/cloudinary 411ms (cache revalidated)
16 silly placeDep ROOT cloudinary@2.5.1 REPLACE for: jobhunt@1.0.0 want: ^2.5.1
17 silly reify moves {}
18 silly audit bulk request {
18 silly audit   '@mongodb-js/saslprep': [ '1.1.9' ],
18 silly audit   '@types/webidl-conversions': [ '7.0.3' ],
18 silly audit   '@types/whatwg-url': [ '11.0.5' ],
18 silly audit   accepts: [ '1.3.8' ],
18 silly audit   anymatch: [ '3.1.3' ],
18 silly audit   'append-field': [ '1.0.0' ],
18 silly audit   'array-flatten': [ '1.1.1' ],
18 silly audit   'balanced-match': [ '1.0.2' ],
18 silly audit   bcryptjs: [ '2.4.3' ],
18 silly audit   'binary-extensions': [ '2.3.0' ],
18 silly audit   'body-parser': [ '1.20.3' ],
18 silly audit   'brace-expansion': [ '1.1.11' ],
18 silly audit   braces: [ '3.0.3' ],
18 silly audit   bson: [ '6.8.0' ],
18 silly audit   'buffer-equal-constant-time': [ '1.0.1' ],
18 silly audit   'buffer-from': [ '1.1.2' ],
18 silly audit   busboy: [ '1.6.0' ],
18 silly audit   bytes: [ '3.1.2' ],
18 silly audit   'call-bind': [ '1.0.7' ],
18 silly audit   chokidar: [ '3.6.0' ],
18 silly audit   'concat-map': [ '0.0.1' ],
18 silly audit   'concat-stream': [ '1.6.2' ],
18 silly audit   'content-disposition': [ '0.5.4' ],
18 silly audit   'content-type': [ '1.0.5' ],
18 silly audit   cookie: [ '0.7.2', '0.7.1' ],
18 silly audit   'cookie-parser': [ '1.4.7' ],
18 silly audit   'cookie-signature': [ '1.0.6' ],
18 silly audit   'core-util-is': [ '1.0.3' ],
18 silly audit   cors: [ '2.8.5' ],
18 silly audit   datauri: [ '4.1.0' ],
18 silly audit   debug: [ '2.6.9', '4.3.7' ],
18 silly audit   'define-data-property': [ '1.1.4' ],
18 silly audit   depd: [ '2.0.0' ],
18 silly audit   destroy: [ '1.2.0' ],
18 silly audit   dotenv: [ '16.4.5' ],
18 silly audit   'ecdsa-sig-formatter': [ '1.0.11' ],
18 silly audit   'ee-first': [ '1.1.1' ],
18 silly audit   encodeurl: [ '2.0.0', '1.0.2' ],
18 silly audit   'es-define-property': [ '1.0.0' ],
18 silly audit   'es-errors': [ '1.3.0' ],
18 silly audit   'escape-html': [ '1.0.3' ],
18 silly audit   etag: [ '1.8.1' ],
18 silly audit   express: [ '4.21.1' ],
18 silly audit   'fill-range': [ '7.1.1' ],
18 silly audit   finalhandler: [ '1.3.1' ],
18 silly audit   forwarded: [ '0.2.0' ],
18 silly audit   fresh: [ '0.5.2' ],
18 silly audit   fsevents: [ '2.3.3' ],
18 silly audit   'function-bind': [ '1.1.2' ],
18 silly audit   'get-intrinsic': [ '1.2.4' ],
18 silly audit   'glob-parent': [ '5.1.2' ],
18 silly audit   gopd: [ '1.0.1' ],
18 silly audit   'has-flag': [ '3.0.0' ],
18 silly audit   'has-property-descriptors': [ '1.0.2' ],
18 silly audit   'has-proto': [ '1.0.3' ],
18 silly audit   'has-symbols': [ '1.0.3' ],
18 silly audit   hasown: [ '2.0.2' ],
18 silly audit   'http-errors': [ '2.0.0' ],
18 silly audit   'iconv-lite': [ '0.4.24' ],
18 silly audit   'ignore-by-default': [ '1.0.1' ],
18 silly audit   'image-size': [ '1.0.0' ],
18 silly audit   inherits: [ '2.0.4' ],
18 silly audit   'ipaddr.js': [ '1.9.1' ],
18 silly audit   'is-binary-path': [ '2.1.0' ],
18 silly audit   'is-extglob': [ '2.1.1' ],
18 silly audit   'is-glob': [ '4.0.3' ],
18 silly audit   'is-number': [ '7.0.0' ],
18 silly audit   isarray: [ '1.0.0' ],
18 silly audit   jsonwebtoken: [ '9.0.2' ],
18 silly audit   ms: [ '2.1.3', '2.0.0' ],
18 silly audit   jwa: [ '1.4.1' ],
18 silly audit   jws: [ '3.2.2' ],
18 silly audit   kareem: [ '2.6.3' ],
18 silly audit   lodash: [ '4.17.21' ],
18 silly audit   'lodash.includes': [ '4.3.0' ],
18 silly audit   'lodash.isboolean': [ '3.0.3' ],
18 silly audit   'lodash.isinteger': [ '4.0.4' ],
18 silly audit   'lodash.isnumber': [ '3.0.3' ],
18 silly audit   'lodash.isplainobject': [ '4.0.6' ],
18 silly audit   'lodash.isstring': [ '4.0.1' ],
18 silly audit   'lodash.once': [ '4.1.1' ],
18 silly audit   'media-typer': [ '0.3.0' ],
18 silly audit   'memory-pager': [ '1.5.0' ],
18 silly audit   'merge-descriptors': [ '1.0.3' ],
18 silly audit   methods: [ '1.1.2' ],
18 silly audit   mime: [ '1.6.0' ],
18 silly audit   'mime-db': [ '1.52.0' ],
18 silly audit   'mime-types': [ '2.1.35' ],
18 silly audit   mimer: [ '2.0.2' ],
18 silly audit   minimatch: [ '3.1.2' ],
18 silly audit   minimist: [ '1.2.8' ],
18 silly audit   mkdirp: [ '0.5.6' ],
18 silly audit   mongodb: [ '6.9.0' ],
18 silly audit   'mongodb-connection-string-url': [ '3.0.1' ],
18 silly audit   mongoose: [ '8.7.2' ],
18 silly audit   mpath: [ '0.9.0' ],
18 silly audit   mquery: [ '5.0.0' ],
18 silly audit   multer: [ '1.4.5-lts.1' ],
18 silly audit   negotiator: [ '0.6.3' ],
18 silly audit   nodemon: [ '3.1.7' ],
18 silly audit   'normalize-path': [ '3.0.0' ],
18 silly audit   'object-assign': [ '4.1.1' ],
18 silly audit   'object-inspect': [ '1.13.2' ],
18 silly audit   'on-finished': [ '2.4.1' ],
18 silly audit   parseurl: [ '1.3.3' ],
18 silly audit   'path-to-regexp': [ '0.1.10' ],
18 silly audit   picomatch: [ '2.3.1' ],
18 silly audit   'process-nextick-args': [ '2.0.1' ],
18 silly audit   'proxy-addr': [ '2.0.7' ],
18 silly audit   'pstree.remy': [ '1.1.8' ],
18 silly audit   punycode: [ '2.3.1' ],
18 silly audit   q: [ '1.5.1' ],
18 silly audit   qs: [ '6.13.0' ],
18 silly audit   queue: [ '6.0.2' ],
18 silly audit   'range-parser': [ '1.2.1' ],
18 silly audit   'raw-body': [ '2.5.2' ],
18 silly audit   'readable-stream': [ '2.3.8' ],
18 silly audit   'safe-buffer': [ '5.1.2', '5.2.1' ],
18 silly audit   readdirp: [ '3.6.0' ],
18 silly audit   'safer-buffer': [ '2.1.2' ],
18 silly audit   semver: [ '7.6.3' ],
18 silly audit   send: [ '0.19.0' ],
18 silly audit   'serve-static': [ '1.16.2' ],
18 silly audit   'set-function-length': [ '1.2.2' ],
18 silly audit   setprototypeof: [ '1.2.0' ],
18 silly audit   'side-channel': [ '1.0.6' ],
18 silly audit   sift: [ '17.1.3' ],
18 silly audit   'simple-update-notifier': [ '2.0.0' ],
18 silly audit   'sparse-bitfield': [ '3.0.3' ],
18 silly audit   statuses: [ '2.0.1' ],
18 silly audit   streamsearch: [ '1.1.0' ],
18 silly audit   string_decoder: [ '1.1.1' ],
18 silly audit   'supports-color': [ '5.5.0' ],
18 silly audit   'to-regex-range': [ '5.0.1' ],
18 silly audit   toidentifier: [ '1.0.1' ],
18 silly audit   touch: [ '3.1.1' ],
18 silly audit   tr46: [ '4.1.1' ],
18 silly audit   'type-is': [ '1.6.18' ],
18 silly audit   typedarray: [ '0.0.6' ],
18 silly audit   undefsafe: [ '2.0.5' ],
18 silly audit   unpipe: [ '1.0.0' ],
18 silly audit   'util-deprecate': [ '1.0.2' ],
18 silly audit   'utils-merge': [ '1.0.1' ],
18 silly audit   vary: [ '1.1.2' ],
18 silly audit   'webidl-conversions': [ '7.0.0' ],
18 silly audit   'whatwg-url': [ '13.0.0' ],
18 silly audit   xtend: [ '4.0.2' ],
18 silly audit   cloudinary: [ '2.5.1' ]
18 silly audit }
19 verbose reify failed optional dependency C:\Users\ajmee\Desktop\JobHunt-MernStack\backend\node_modules\fsevents
20 silly reify mark deleted [
20 silly reify   'C:\\Users\\ajmee\\Desktop\\JobHunt-MernStack\\backend\\node_modules\\fsevents'
20 silly reify ]
21 http fetch POST 200 https://registry.npmjs.org/-/npm/v1/security/advisories/bulk 293ms
22 silly audit report {}
23 silly ADD
24 verbose exit 0
25 info ok
