0 verbose cli C:\Program Files\nodejs\node.exe C:\Program Files\nodejs\node_modules\npm\bin\npm-cli.js
1 info using npm@10.7.0
2 info using node@v22.2.0
3 silly config:load:file:C:\Program Files\nodejs\node_modules\npm\npmrc
4 silly config:load:file:C:\Users\ajmee\Desktop\JobHunt-MernStack\.npmrc
5 silly config:load:file:C:\Users\ajmee\.npmrc
6 silly config:load:file:C:\Users\ajmee\Desktop\JobHunt-MernStack\%APPDATA%\npm\etc\npmrc
7 verbose title npm run dev
8 verbose argv "run" "dev"
9 verbose logfile logs-max:10 dir:C:\Users\ajmee\Desktop\JobHunt-MernStack\%LOCALAPPDATA%\npm-cache\_logs\2024-10-29T18_14_50_018Z-
10 verbose logfile C:\Users\ajmee\Desktop\JobHunt-MernStack\%LOCALAPPDATA%\npm-cache\_logs\2024-10-29T18_14_50_018Z-debug-0.log
11 silly logfile done cleaning log files
12 verbose stack Error: Could not read package.json: Error: ENOENT: no such file or directory, open 'C:\Users\ajmee\Desktop\JobHunt-MernStack\package.json'
12 verbose stack     at async open (node:internal/fs/promises:641:25)
12 verbose stack     at async readFile (node:internal/fs/promises:1254:14)
12 verbose stack     at async PackageJson.load (C:\Program Files\nodejs\node_modules\npm\node_modules\@npmcli\package-json\lib\index.js:129:31)
12 verbose stack     at async PackageJson.normalize (C:\Program Files\nodejs\node_modules\npm\node_modules\@npmcli\package-json\lib\index.js:115:5)
12 verbose stack     at async RunScript.run (C:\Program Files\nodejs\node_modules\npm\lib\commands\run-script.js:55:27)
12 verbose stack     at async module.exports (C:\Program Files\nodejs\node_modules\npm\lib\cli\entry.js:74:5)
13 verbose cwd C:\Users\ajmee\Desktop\JobHunt-MernStack
14 verbose Windows_NT 10.0.22631
15 verbose node v22.2.0
16 verbose npm  v10.7.0
17 error code ENOENT
18 error syscall open
19 error path C:\Users\ajmee\Desktop\JobHunt-MernStack\package.json
20 error errno -4058
21 error enoent Could not read package.json: Error: ENOENT: no such file or directory, open 'C:\Users\ajmee\Desktop\JobHunt-MernStack\package.json'
22 error enoent This is related to npm not being able to find a file.
22 error enoent
23 verbose exit -4058
24 verbose code -4058
25 error A complete log of this run can be found in: C:\Users\ajmee\Desktop\JobHunt-MernStack\%LOCALAPPDATA%\npm-cache\_logs\2024-10-29T18_14_50_018Z-debug-0.log
